<?xml version="1.0" encoding="UTF-8"?>
<testng-results skipped="0" failed="0" ignored="0" total="1" passed="1">
  <reporter-output>
  </reporter-output>
  <suite name="Default suite" duration-ms="338" started-at="2020-03-10T12:19:44Z" finished-at="2020-03-10T12:19:44Z">
    <groups>
    </groups>
    <test name="Default test" duration-ms="338" started-at="2020-03-10T12:19:44Z" finished-at="2020-03-10T12:19:44Z">
      <class name="vtigerframework.ExtentReport">
        <test-method status="PASS" signature="test1()[pri:0, instance:vtigerframework.ExtentReport@42e26948]" name="test1" duration-ms="42" started-at="2020-03-10T12:19:44Z" finished-at="2020-03-10T12:19:44Z">
          <reporter-output>
          </reporter-output>
        </test-method> <!-- test1 -->
      </class> <!-- vtigerframework.ExtentReport -->
    </test> <!-- Default test -->
  </suite> <!-- Default suite -->
</testng-results>
